SF:lib\models\flight.dart
DA:13,3
DA:23,0
DA:32,0
DA:33,0
DA:34,0
DA:35,0
DA:36,0
DA:37,0
DA:38,0
DA:39,0
DA:43,6
DA:44,6
DA:45,6
DA:46,9
DA:47,9
DA:48,6
DA:49,3
DA:50,6
DA:53,3
DA:54,3
DA:55,3
DA:56,3
DA:58,3
DA:59,0
DA:60,3
DA:61,6
DA:62,9
DA:63,6
DA:64,0
DA:67,3
DA:68,3
DA:72,2
DA:73,16
DA:75,3
DA:76,3
DA:77,6
DA:78,3
LF:37
LH:26
end_of_record
SF:lib\design\shadows.dart
DA:4,6
DA:5,2
DA:8,2
LF:3
LH:3
end_of_record
SF:lib\models\debrief.dart
DA:5,0
DA:7,0
DA:9,0
DA:10,0
DA:11,0
LF:5
LH:0
end_of_record
SF:lib\models\radar.dart
DA:48,0
DA:50,0
DA:52,0
DA:53,0
DA:54,0
DA:55,0
DA:59,0
DA:61,0
DA:62,0
DA:64,0
DA:65,0
DA:67,0
DA:70,0
DA:74,0
DA:77,0
DA:78,0
DA:79,0
DA:80,0
DA:82,0
DA:83,0
DA:89,0
LF:21
LH:0
end_of_record
SF:lib\pages\home_page.dart
DA:10,0
DA:12,1
DA:13,1
DA:19,1
DA:21,1
DA:24,1
DA:25,1
DA:27,1
DA:28,1
DA:30,1
DA:31,1
DA:32,2
DA:33,1
DA:34,2
DA:40,1
DA:41,1
DA:43,3
DA:46,1
DA:47,2
DA:48,1
DA:57,1
DA:59,1
DA:60,1
DA:61,1
DA:63,1
DA:64,2
DA:66,4
DA:77,1
DA:78,1
DA:82,1
DA:83,1
DA:92,1
DA:95,1
DA:96,1
DA:101,1
DA:104,1
DA:105,1
LF:37
LH:36
end_of_record
SF:lib\services\flight_repository.dart
DA:20,2
DA:21,2
DA:23,2
DA:25,2
DA:26,2
DA:27,2
DA:29,2
DA:30,6
DA:31,2
DA:33,10
DA:37,1
DA:39,1
DA:40,1
DA:41,1
DA:42,5
DA:43,1
DA:46,1
DA:48,1
DA:49,1
DA:50,3
DA:51,1
DA:52,5
DA:53,1
DA:56,0
DA:58,0
DA:59,0
DA:62,2
DA:64,2
DA:65,10
DA:66,2
DA:69,0
DA:71,0
DA:72,0
DA:73,0
DA:78,0
DA:80,0
DA:81,0
DA:82,0
DA:83,0
DA:84,0
DA:86,0
DA:87,0
DA:89,0
DA:90,0
DA:92,0
LF:45
LH:27
end_of_record
SF:lib\widgets\stat_tile.dart
DA:10,1
DA:12,1
DA:14,2
DA:15,1
DA:17,1
DA:18,1
DA:20,1
DA:22,1
DA:23,1
DA:24,3
DA:26,6
DA:27,5
LF:12
LH:12
end_of_record
SF:lib\widgets\app_scaffold.dart
DA:14,2
DA:24,2
DA:25,2
DA:31,4
DA:33,2
DA:36,0
DA:38,2
DA:41,0
DA:43,2
DA:46,0
DA:48,2
DA:51,0
DA:54,2
DA:57,0
DA:61,2
DA:63,2
DA:65,2
DA:68,4
DA:69,1
DA:72,2
DA:75,2
DA:76,4
DA:83,6
DA:88,2
DA:89,2
DA:91,2
DA:92,2
DA:94,4
DA:100,2
DA:101,2
DA:102,2
DA:104,2
DA:105,2
DA:106,2
DA:108,2
DA:109,2
DA:110,2
DA:111,2
DA:112,2
DA:120,2
DA:122,2
DA:123,2
DA:124,4
DA:125,0
DA:126,2
DA:136,4
DA:139,2
DA:142,2
DA:143,8
DA:144,2
DA:146,2
DA:147,0
DA:148,2
DA:151,2
DA:152,6
DA:154,2
DA:155,6
DA:166,2
DA:168,2
DA:169,6
LF:60
LH:53
end_of_record
SF:lib\widgets\home_button.dart
DA:9,1
DA:17,1
DA:19,1
DA:20,2
DA:21,3
DA:22,2
DA:23,1
DA:24,1
DA:25,1
DA:29,1
DA:30,1
DA:31,1
DA:33,1
DA:34,1
DA:36,1
LF:15
LH:15
end_of_record
SF:lib\widgets\primary_button.dart
DA:9,1
DA:17,1
DA:19,1
DA:20,2
DA:21,3
DA:22,2
DA:23,1
DA:24,1
DA:25,1
DA:29,2
LF:10
LH:10
end_of_record
SF:lib\widgets\bottom_bubble_nav.dart
DA:11,2
DA:25,2
DA:33,2
DA:35,2
DA:37,2
DA:40,2
DA:42,8
DA:43,2
DA:44,2
DA:46,4
DA:47,4
DA:51,2
DA:55,2
DA:58,2
DA:60,2
DA:62,6
DA:66,2
DA:68,2
DA:69,2
DA:70,2
DA:73,2
DA:74,6
DA:76,2
DA:77,6
DA:80,2
DA:82,2
DA:84,2
DA:85,4
DA:107,2
DA:114,2
DA:119,12
DA:120,6
DA:121,4
DA:124,8
DA:125,10
DA:129,4
DA:130,8
DA:132,2
DA:135,2
DA:136,2
DA:139,2
DA:140,2
DA:142,2
DA:145,4
DA:155,2
DA:157,2
DA:159,4
DA:160,2
DA:162,2
DA:164,4
DA:165,2
DA:166,2
DA:167,2
DA:169,6
DA:171,2
DA:172,8
LF:56
LH:56
end_of_record
SF:lib\pages\flights_history.dart
DA:10,1
DA:12,1
DA:13,1
DA:23,1
DA:25,1
DA:26,1
DA:29,1
DA:30,2
DA:31,1
DA:32,1
DA:35,2
DA:36,2
DA:37,1
DA:38,1
DA:41,2
DA:42,2
DA:43,1
DA:48,1
DA:49,1
DA:50,1
DA:52,2
DA:55,1
DA:56,1
DA:57,0
DA:60,1
DA:61,4
DA:67,1
DA:68,2
DA:69,2
DA:70,2
DA:72,1
DA:73,3
DA:83,1
DA:85,4
DA:86,1
DA:89,1
DA:90,0
DA:93,1
DA:94,1
DA:96,1
DA:104,1
DA:105,1
DA:108,1
DA:109,5
DA:112,2
DA:113,1
DA:114,1
DA:116,1
DA:119,1
DA:120,1
DA:121,3
DA:122,4
DA:125,4
DA:126,4
DA:127,3
DA:129,1
DA:137,1
DA:141,2
DA:148,0
DA:149,0
DA:150,0
DA:154,0
DA:158,1
DA:160,1
DA:161,4
DA:173,1
DA:176,1
DA:177,1
DA:180,0
DA:181,0
DA:183,2
DA:186,1
DA:187,1
DA:190,0
DA:191,0
DA:193,3
DA:198,2
DA:199,1
DA:202,0
DA:203,0
DA:205,1
DA:206,1
DA:208,1
DA:210,1
DA:224,1
DA:227,0
DA:228,0
DA:230,1
DA:231,1
DA:232,1
DA:234,2
DA:235,1
DA:236,1
DA:237,2
DA:238,1
DA:239,1
DA:241,1
DA:242,3
DA:245,1
DA:246,6
DA:248,2
DA:249,1
DA:251,2
LF:103
LH:89
end_of_record
